<?xml version="1.0" encoding="UTF-8"?>
<testsuite name="PageTest" tests="8" skipped="0" failures="0" errors="0" timestamp="2022-06-07T15:10:34" hostname="DESKTOP-HPNPOVM" time="0.053">
  <properties/>
  <testcase name="testGetHeadingsFirstHeadingTagFromJsoupWrapper()" classname="PageTest" time="0.023"/>
  <testcase name="testGetLinksFirstLinkFromJSoupWrapper()" classname="PageTest" time="0.001"/>
  <testcase name="testGetHeadingsSizeFromJSoupWrapper()" classname="PageTest" time="0.001"/>
  <testcase name="testGetHeadingsFirstHeadingValueFromJsoupWrapper()" classname="PageTest" time="0.001"/>
  <testcase name="testGetLinksSizeFromJSoupWrapper()" classname="PageTest" time="0.001"/>
  <testcase name="testGetLinksLinkBrokenFromJSoupWrapper()" classname="PageTest" time="0.003"/>
  <testcase name="testMarkdownHeadingConversion()" classname="PageTest" time="0.014"/>
  <testcase name="testMarkdownWrappers()" classname="PageTest" time="0.003"/>
  <system-out><![CDATA[]]></system-out>
  <system-err><![CDATA[]]></system-err>
</testsuite>
